<?xml version="1.0" encoding="UTF-8"?>
<testng-results skipped="0" failed="0" ignored="0" total="1" passed="1">
  <reporter-output>
  </reporter-output>
  <suite name="Command line suite" duration-ms="60" started-at="2020-02-24T20:27:28Z" finished-at="2020-02-24T20:27:28Z">
    <groups>
    </groups>
    <test name="Command line test" duration-ms="60" started-at="2020-02-24T20:27:28Z" finished-at="2020-02-24T20:27:28Z">
      <class name="BasicFramework.AppTest">
        <test-method status="PASS" signature="testApp()" name="testApp" duration-ms="17" started-at="2020-02-25T01:57:28Z" finished-at="2020-02-25T01:57:28Z">
          <reporter-output>
          </reporter-output>
        </test-method> <!-- testApp -->
      </class> <!-- BasicFramework.AppTest -->
    </test> <!-- Command line test -->
  </suite> <!-- Command line suite -->
</testng-results>
