<?xml version="1.0" encoding="UTF-8"?>
<!-- Generated by org.testng.reporters.JUnitXMLReporter -->
<testsuite hostname="AsimaPC" ignored="0" name="Command line test" tests="6" failures="0" timestamp="24 Feb 2020 20:27:28 GMT" time="0.058" errors="0">
  <testcase name="getMethod" time="0.01" classname="BasicFramework.TestClass1"/>
  <testcase name="postMethod" time="0.001" classname="BasicFramework.TestClass1"/>
  <testcase name="deleteMethod" time="0.0" classname="BasicFramework.TestClass2"/>
  <testcase name="updateMethod" time="0.001" classname="BasicFramework.TestClass2"/>
  <testcase name="testM" time="0.0" classname="BasicFramework.TestClass3"/>
  <testcase name="testMethod" time="0.0" classname="BasicFramework.TestClass3"/>
</testsuite> <!-- Command line test -->
